<?xml version="1.0" encoding="UTF-8"?>
<!-- Generated by org.testng.reporters.JUnitReportReporter -->
<testsuite skipped="0" hostname="DESKTOP-HCHF4AU" name="com.feranmiworkflow.Feranmi.FeMortCalcuTest" tests="1" failures="0" timestamp="09 Apr 2017 17:28:09 GMT" time="2.798" errors="0">
  <testcase name="CalcuMortg" time="2.798" classname="com.feranmiworkflow.Feranmi.FeMortCalcuTest"/>
</testsuite> <!-- com.feranmiworkflow.Feranmi.FeMortCalcuTest -->
